INFO  22:52:58,033 - Compiling source file: C:\Users\Administrator\Desktop\PP1\GitHub\PP1\workspace\MJCompiler\test\program.mj
INFO  22:52:58,077 - #2 program
INFO  22:52:58,077 - #48 p
INFO  22:52:58,077 - #17 namespace
INFO  22:52:58,078 - #48 Test
INFO  22:52:58,078 - #18 {
INFO  22:52:58,078 - #18 {
INFO  22:52:58,079 - #12 void
INFO  22:52:58,080 - #48 f1
INFO  22:52:58,080 - #20 (
INFO  22:52:58,080 - #21 )
INFO  22:52:58,081 - #18 {
INFO  22:52:58,081 - #19 }
INFO  22:52:58,082 - #48 int
INFO  22:52:58,083 - #48 x
INFO  22:52:58,083 - #20 (
INFO  22:52:58,083 - #21 )
INFO  22:52:58,084 - #18 {
INFO  22:52:58,084 - #19 }
INFO  22:52:58,084 - #19 }
INFO  22:52:58,084 - #19 }
INFO  22:52:58,084 - #6 const
INFO  22:52:58,085 - #48 int
INFO  22:52:58,085 - #48 x
INFO  22:52:58,085 - #29 =
INFO  22:52:58,086 - #45 5
INFO  22:52:58,086 - #40 ;
INFO  22:52:58,087 - #18 {
INFO  22:52:58,087 - #12 void
INFO  22:52:58,087 - #48 main
INFO  22:52:58,087 - #20 (
INFO  22:52:58,087 - #21 )
INFO  22:52:58,088 - #18 {
INFO  22:52:58,088 - #19 }
INFO  22:52:58,088 - #48 bool
INFO  22:52:58,088 - #48 x
INFO  22:52:58,088 - #20 (
INFO  22:52:58,088 - #21 )
INFO  22:52:58,088 - #18 {
INFO  22:52:58,088 - #19 }
INFO  22:52:58,088 - #19 }
INFO  22:52:58,090 - Program(
  ProgramName(
   p
  ) [ProgramName]
  Namespace_Define(
    NamespaceName(
     Test
    ) [NamespaceName]
    DeclarationList_SKIP(
    ) [DeclarationList_SKIP]
    MethodsDeclarationList_OneOrMore(
      MethodsDeclarationList_OneOrMore(
        MethodsDeclarationList_Skip(
        ) [MethodsDeclarationList_Skip]
        MethodDeclaration(
          MethodDeclarationTypeAndName_Void(
           f1
          ) [MethodDeclarationTypeAndName_Void]
          FormPars_None(
          ) [FormPars_None]
          VarDeclarationListOptional_Skip(
          ) [VarDeclarationListOptional_Skip]
          Statements_None(
          ) [Statements_None]
        ) [MethodDeclaration]
      ) [MethodsDeclarationList_OneOrMore]
      MethodDeclaration(
        MethodDeclarationTypeAndName_Type(
          Type_NoScope(
           int
          ) [Type_NoScope]
         x
        ) [MethodDeclarationTypeAndName_Type]
        FormPars_None(
        ) [FormPars_None]
        VarDeclarationListOptional_Skip(
        ) [VarDeclarationListOptional_Skip]
        Statements_None(
        ) [Statements_None]
      ) [MethodDeclaration]
    ) [MethodsDeclarationList_OneOrMore]
  ) [Namespace_Define]
  DeclarationList_Define(
    DeclarationList_SKIP(
    ) [DeclarationList_SKIP]
    Declaration_Const(
      ConstDeclaration(
        Type_NoScope(
         int
        ) [Type_NoScope]
        ConstDeclarationList_One(
          ConstDeclarationElement(
           x
            ConstValue_INT(
             5
            ) [ConstValue_INT]
          ) [ConstDeclarationElement]
        ) [ConstDeclarationList_One]
      ) [ConstDeclaration]
    ) [Declaration_Const]
  ) [DeclarationList_Define]
  MethodsDeclarationList_OneOrMore(
    MethodsDeclarationList_OneOrMore(
      MethodsDeclarationList_Skip(
      ) [MethodsDeclarationList_Skip]
      MethodDeclaration(
        MethodDeclarationTypeAndName_Void(
         main
        ) [MethodDeclarationTypeAndName_Void]
        FormPars_None(
        ) [FormPars_None]
        VarDeclarationListOptional_Skip(
        ) [VarDeclarationListOptional_Skip]
        Statements_None(
        ) [Statements_None]
      ) [MethodDeclaration]
    ) [MethodsDeclarationList_OneOrMore]
    MethodDeclaration(
      MethodDeclarationTypeAndName_Type(
        Type_NoScope(
         bool
        ) [Type_NoScope]
       x
      ) [MethodDeclarationTypeAndName_Type]
      FormPars_None(
      ) [FormPars_None]
      VarDeclarationListOptional_Skip(
      ) [VarDeclarationListOptional_Skip]
      Statements_None(
      ) [Statements_None]
    ) [MethodDeclaration]
  ) [MethodsDeclarationList_OneOrMore]
) [Program]
INFO  22:52:58,090 - ===================================
INFO  22:52:58,108 - Obrada programa p
INFO  22:52:58,108 - Obrada namespacea: Test
INFO  22:52:58,108 - Obrada metode Test::f1
INFO  22:52:58,108 - Tip: int
INFO  22:52:58,108 - Obrada metode Test::x
INFO  22:52:58,108 - Tip: int
INFO  22:52:58,109 - Obrada konstante x
INFO  22:52:58,109 - Obrada metode main
INFO  22:52:58,109 - Tip: bool
ERROR 22:52:58,109 - Redefinicija metode x
INFO  22:52:58,109 - Obrada metode x
=====================SYMBOL TABLE DUMP=========================
Type int: int, -1, -1 
Type char: char, -1, -1 
Con eol: char, 10, 0 
Con null: Class [], 0, 0 
Meth chr: char, 0, 1 
   Var i: int, 0, 1 

Meth ord: int, 0, 1 
   Var ch: char, 0, 1 

Meth len: int, 0, 1 
   Var arr: Arr of notype, 0, 1 

Type bool: , -1, -1 
Prog p: notype, 0, 1 
   Test: notype, 0, 0    Meth Test::f1: notype, 0, 1 

   Meth Test::x: int, 0, 1 


   Con x: int, 0, 0 
   Meth main: notype, 0, 0 



